Added Component: Designator=P1(molex_52885-0374)
Added Component: Designator=P2(molex_53647-0374)
Added Component: Designator=P3(MHDR2X5_SMD)
Added Component: Designator=P4(MHDR2X5_SMD)
Added Component: Designator=P5(MHDR2X5_SMD)
Added Pin To Net: NetName=PIN1 Pin=P1-1
Added Pin To Net: NetName=PIN1 Pin=P2-2
Added Pin To Net: NetName=PIN1 Pin=P3-1
Added Net: Name=PIN1
Added Pin To Net: NetName=PIN2 Pin=P1-2
Added Pin To Net: NetName=PIN2 Pin=P2-1
Added Pin To Net: NetName=PIN2 Pin=P3-2
Added Net: Name=PIN2
Added Pin To Net: NetName=PIN3 Pin=P1-3
Added Pin To Net: NetName=PIN3 Pin=P2-4
Added Pin To Net: NetName=PIN3 Pin=P3-3
Added Net: Name=PIN3
Added Pin To Net: NetName=PIN4 Pin=P1-4
Added Pin To Net: NetName=PIN4 Pin=P2-3
Added Pin To Net: NetName=PIN4 Pin=P3-4
Added Net: Name=PIN4
Added Pin To Net: NetName=PIN5 Pin=P1-5
Added Pin To Net: NetName=PIN5 Pin=P2-6
Added Pin To Net: NetName=PIN5 Pin=P3-5
Added Net: Name=PIN5
Added Pin To Net: NetName=PIN6 Pin=P1-6
Added Pin To Net: NetName=PIN6 Pin=P2-5
Added Pin To Net: NetName=PIN6 Pin=P3-6
Added Net: Name=PIN6
Added Pin To Net: NetName=PIN7 Pin=P1-7
Added Pin To Net: NetName=PIN7 Pin=P2-8
Added Pin To Net: NetName=PIN7 Pin=P3-7
Added Net: Name=PIN7
Added Pin To Net: NetName=PIN8 Pin=P1-8
Added Pin To Net: NetName=PIN8 Pin=P2-7
Added Pin To Net: NetName=PIN8 Pin=P3-8
Added Net: Name=PIN8
Added Pin To Net: NetName=PIN9 Pin=P1-9
Added Pin To Net: NetName=PIN9 Pin=P2-10
Added Pin To Net: NetName=PIN9 Pin=P3-9
Added Net: Name=PIN9
Added Pin To Net: NetName=PIN10 Pin=P1-10
Added Pin To Net: NetName=PIN10 Pin=P2-9
Added Pin To Net: NetName=PIN10 Pin=P3-10
Added Net: Name=PIN10
Added Pin To Net: NetName=PIN11 Pin=P1-11
Added Pin To Net: NetName=PIN11 Pin=P2-12
Added Pin To Net: NetName=PIN11 Pin=P4-1
Added Net: Name=PIN11
Added Pin To Net: NetName=PIN12 Pin=P1-12
Added Pin To Net: NetName=PIN12 Pin=P2-11
Added Pin To Net: NetName=PIN12 Pin=P4-2
Added Net: Name=PIN12
Added Pin To Net: NetName=PIN13 Pin=P1-13
Added Pin To Net: NetName=PIN13 Pin=P2-14
Added Pin To Net: NetName=PIN13 Pin=P4-3
Added Net: Name=PIN13
Added Pin To Net: NetName=PIN14 Pin=P1-14
Added Pin To Net: NetName=PIN14 Pin=P2-13
Added Pin To Net: NetName=PIN14 Pin=P4-4
Added Net: Name=PIN14
Added Pin To Net: NetName=PIN15 Pin=P1-15
Added Pin To Net: NetName=PIN15 Pin=P2-16
Added Pin To Net: NetName=PIN15 Pin=P4-5
Added Net: Name=PIN15
Added Pin To Net: NetName=PIN16 Pin=P1-16
Added Pin To Net: NetName=PIN16 Pin=P2-15
Added Pin To Net: NetName=PIN16 Pin=P4-6
Added Net: Name=PIN16
Added Pin To Net: NetName=PIN17 Pin=P1-17
Added Pin To Net: NetName=PIN17 Pin=P2-18
Added Pin To Net: NetName=PIN17 Pin=P4-7
Added Net: Name=PIN17
Added Pin To Net: NetName=PIN18 Pin=P1-18
Added Pin To Net: NetName=PIN18 Pin=P2-17
Added Pin To Net: NetName=PIN18 Pin=P4-8
Added Net: Name=PIN18
Added Pin To Net: NetName=PIN19 Pin=P1-19
Added Pin To Net: NetName=PIN19 Pin=P2-20
Added Pin To Net: NetName=PIN19 Pin=P4-9
Added Net: Name=PIN19
Added Pin To Net: NetName=PIN20 Pin=P1-20
Added Pin To Net: NetName=PIN20 Pin=P2-19
Added Pin To Net: NetName=PIN20 Pin=P4-10
Added Net: Name=PIN20
Added Pin To Net: NetName=PIN21 Pin=P1-21
Added Pin To Net: NetName=PIN21 Pin=P2-22
Added Pin To Net: NetName=PIN21 Pin=P5-1
Added Net: Name=PIN21
Added Pin To Net: NetName=PIN22 Pin=P1-22
Added Pin To Net: NetName=PIN22 Pin=P2-21
Added Pin To Net: NetName=PIN22 Pin=P5-2
Added Net: Name=PIN22
Added Pin To Net: NetName=PIN23 Pin=P1-23
Added Pin To Net: NetName=PIN23 Pin=P2-24
Added Pin To Net: NetName=PIN23 Pin=P5-3
Added Net: Name=PIN23
Added Pin To Net: NetName=PIN24 Pin=P1-24
Added Pin To Net: NetName=PIN24 Pin=P2-23
Added Pin To Net: NetName=PIN24 Pin=P5-4
Added Net: Name=PIN24
Added Pin To Net: NetName=PIN25 Pin=P1-25
Added Pin To Net: NetName=PIN25 Pin=P2-26
Added Pin To Net: NetName=PIN25 Pin=P5-5
Added Net: Name=PIN25
Added Pin To Net: NetName=PIN26 Pin=P1-26
Added Pin To Net: NetName=PIN26 Pin=P2-25
Added Pin To Net: NetName=PIN26 Pin=P5-6
Added Net: Name=PIN26
Added Pin To Net: NetName=PIN27 Pin=P1-27
Added Pin To Net: NetName=PIN27 Pin=P2-28
Added Pin To Net: NetName=PIN27 Pin=P5-7
Added Net: Name=PIN27
Added Pin To Net: NetName=PIN28 Pin=P1-28
Added Pin To Net: NetName=PIN28 Pin=P2-27
Added Pin To Net: NetName=PIN28 Pin=P5-8
Added Net: Name=PIN28
Added Pin To Net: NetName=PIN29 Pin=P1-29
Added Pin To Net: NetName=PIN29 Pin=P2-30
Added Pin To Net: NetName=PIN29 Pin=P5-9
Added Net: Name=PIN29
Added Pin To Net: NetName=PIN30 Pin=P1-30
Added Pin To Net: NetName=PIN30 Pin=P2-29
Added Pin To Net: NetName=PIN30 Pin=P5-10
Added Net: Name=PIN30
Added Class: Name=Flex_debugging
